
  ___  ____  ____  ____  ____ ®
 /__    /   ____/   /   ____/      17.0
___/   /   /___/   /   /___/       BE—Basic Edition

 Statistics and Data Science       Copyright 1985-2021 StataCorp LLC
                                   StataCorp
                                   4905 Lakeway Drive
                                   College Station, Texas 77845 USA
                                   800-STATA-PC        https://www.stata.com
                                   979-696-4600        stata@stata.com

Stata license: Unlimited-user , expiring  4 Aug 2023
Serial number: 501709301055
  Licensed to: Pedro Silos
               Temple University

Notes:
      1. Stata is running in batch mode.
      2. Unicode is supported; see help unicode_advice.

. do "./get_weights.do" 

. /*09/11/2022
> Get weight of each occ by using ATUS 2011-2014 18-65 full-time workers
> */
. clear

. 
. use "../../Stata_Raw_Data/weight_atus.dta"

. 
.  
. 
. *age
. keep if age>=18 & age<=65
(10,899 observations deleted)

. 
. *full time workers work>=35
. keep if uhrswork1>=35 & uhrswork1<=100
(16,340 observations deleted)

. 
. *2011-2014
. keep if year >= 2011 & year<=2014
(0 observations deleted)

. 
. collapse (sum) wt06, by(occ)

. 
. rename occ occ_563

. 
. save "../../Stata_Raw_Data/wt_ATUS_2011_2014_new", replace
(file ../../Stata_Raw_Data/wt_ATUS_2011_2014_new.dta not found)
file ../../Stata_Raw_Data/wt_ATUS_2011_2014_new.dta saved

.  
. 
end of do-file
