
  ___  ____  ____  ____  ____ ®
 /__    /   ____/   /   ____/      17.0
___/   /   /___/   /   /___/       BE—Basic Edition

 Statistics and Data Science       Copyright 1985-2021 StataCorp LLC
                                   StataCorp
                                   4905 Lakeway Drive
                                   College Station, Texas 77845 USA
                                   800-STATA-PC        https://www.stata.com
                                   979-696-4600        stata@stata.com

Stata license: Unlimited-user , expiring  4 Aug 2023
Serial number: 501709301055
  Licensed to: Pedro Silos
               Temple University

Notes:
      1. Stata is running in batch mode.
      2. Unicode is supported; see help unicode_advice.

. do "./dofile_rout.do" 

. clear

. 
. 
.  
. forvalues X=22/26{ 
  2. import delimited "./`X'.txt", delimiters(tab) varnames(1) asdouble
  3. save "./`X'.dta",replace
  4. clear
  5. }
(encoding automatically selected: ISO-8859-1)
(2 vars, 968 obs)
(file ./22.dta not found)
file ./22.dta saved
(encoding automatically selected: ISO-8859-1)
(2 vars, 968 obs)
(file ./23.dta not found)
file ./23.dta saved
(encoding automatically selected: ISO-8859-1)
(2 vars, 968 obs)
(file ./24.dta not found)
file ./24.dta saved
(encoding automatically selected: ISO-8859-1)
(2 vars, 968 obs)
(file ./25.dta not found)
file ./25.dta saved
(encoding automatically selected: ISO-8859-1)
(2 vars, 968 obs)
(file ./26.dta not found)
file ./26.dta saved

. 
. use "./22.dta"

. forvalues X=23/26{ 
  2. merge 1:1 soc using `X'.dta
  3. drop _merge
  4. }

    Result                      Number of obs
    -----------------------------------------
    Not matched                             0
    Matched                               968  (_merge==3)
    -----------------------------------------

    Result                      Number of obs
    -----------------------------------------
    Not matched                             0
    Matched                               968  (_merge==3)
    -----------------------------------------

    Result                      Number of obs
    -----------------------------------------
    Not matched                             0
    Matched                               968  (_merge==3)
    -----------------------------------------

    Result                      Number of obs
    -----------------------------------------
    Not matched                             0
    Matched                               968  (_merge==3)
    -----------------------------------------

. replace soc=subinstr(soc, "-", "",.) 
(968 real changes made)

. destring soc,replace
soc: all characters numeric; replaced as double

. save "../../../Stata_Raw_Data/merged_char_rout", replace
(file ../../../Stata_Raw_Data/merged_char_rout.dta not found)
file ../../../Stata_Raw_Data/merged_char_rout.dta saved

. 
. forvalues X=22/26{ 
  2. erase "./`X'.dta"
  3. }

. 
end of do-file
