
  ___  ____  ____  ____  ____ ®
 /__    /   ____/   /   ____/      17.0
___/   /   /___/   /   /___/       BE—Basic Edition

 Statistics and Data Science       Copyright 1985-2021 StataCorp LLC
                                   StataCorp
                                   4905 Lakeway Drive
                                   College Station, Texas 77845 USA
                                   800-STATA-PC        https://www.stata.com
                                   979-696-4600        stata@stata.com

Stata license: Unlimited-user , expiring  4 Aug 2023
Serial number: 501709301055
  Licensed to: Pedro Silos
               Temple University

Notes:
      1. Stata is running in batch mode.
      2. Unicode is supported; see help unicode_advice.

. do "./import_occs_to_stata.do" 

. clear 

. 
. import delimited using "./occs_labels.txt", delimiters(tab) varnames(1)
(encoding automatically selected: ISO-8859-1)
(9 vars, 565 obs)

. drop occ_563

. drop occ_94

. drop occ_22

. rename occ_22_value occ_22

. rename occ_94_value occ_94

. rename occ_563_value occ_563

. 
. save "../../Stata_Raw_Data/final_occs.dta", replace
(file ../../Stata_Raw_Data/final_occs.dta not found)
file ../../Stata_Raw_Data/final_occs.dta saved

. 
end of do-file
